# JRE version: OpenJDK Runtime Environment (11.0.10) (build 11.0.10+0-b96-7249189)
# Java VM: OpenJDK 64-Bit Server VM (11.0.10+0-b96-7249189, mixed mode, tiered, compressed oops, g1 gc, windows-amd64)
Heap:
 garbage-first heap   total 206848K, used 142668K [0x0000000080000000, 0x0000000100000000)
  region size 1024K, 8 young (8192K), 1 survivors (1024K)
 Metaspace       used 139008K, capacity 142945K, committed 143616K, reserved 1173504K
  class space    used 17765K, capacity 19216K, committed 19456K, reserved 1048576K
GC Heap History (20 events):
Event: 624.966 GC heap before
{Heap before GC invocations=50 (full 0):
 garbage-first heap   total 206848K, used 144075K [0x0000000080000000, 0x0000000100000000)
  region size 1024K, 10 young (10240K), 4 survivors (4096K)
 Metaspace       used 127081K, capacity 130697K, committed 130944K, reserved 1163264K
  class space    used 15978K, capacity 17276K, committed 17280K, reserved 1048576K
}
Event: 624.979 GC heap after
{Heap after GC invocations=51 (full 0):
 garbage-first heap   total 206848K, used 135757K [0x0000000080000000, 0x0000000100000000)
  region size 1024K, 1 young (1024K), 1 survivors (1024K)
 Metaspace       used 127081K, capacity 130697K, committed 130944K, reserved 1163264K
  class space    used 15978K, capacity 17276K, committed 17280K, reserved 1048576K
}
Event: 626.301 GC heap before
{Heap before GC invocations=51 (full 0):
 garbage-first heap   total 206848K, used 170573K [0x0000000080000000, 0x0000000100000000)
  region size 1024K, 36 young (36864K), 1 survivors (1024K)
 Metaspace       used 133312K, capacity 137452K, committed 137600K, reserved 1169408K
  class space    used 17035K, capacity 18540K, committed 18560K, reserved 1048576K
}
Event: 626.308 GC heap after
{Heap after GC invocations=52 (full 0):
 garbage-first heap   total 206848K, used 136543K [0x0000000080000000, 0x0000000100000000)
  region size 1024K, 2 young (2048K), 2 survivors (2048K)
 Metaspace       used 133312K, capacity 137452K, committed 137600K, reserved 1169408K
  class space    used 17035K, capacity 18540K, committed 18560K, reserved 1048576K
}
Event: 627.092 GC heap before
{Heap before GC invocations=53 (full 0):
 garbage-first heap   total 206848K, used 171359K [0x0000000080000000, 0x0000000100000000)
  region size 1024K, 37 young (37888K), 2 survivors (2048K)
 Metaspace       used 135909K, capacity 140069K, committed 140160K, reserved 1171456K
  class space    used 17494K, capacity 19005K, committed 19072K, reserved 1048576K
}
Event: 627.098 GC heap after
{Heap after GC invocations=54 (full 0):
 garbage-first heap   total 206848K, used 137133K [0x0000000080000000, 0x0000000100000000)
  region size 1024K, 3 young (3072K), 3 survivors (3072K)
 Metaspace       used 135909K, capacity 140069K, committed 140160K, reserved 1171456K
  class space    used 17494K, capacity 19005K, committed 19072K, reserved 1048576K
}
Event: 627.149 GC heap before
{Heap before GC invocations=54 (full 0):
 garbage-first heap   total 206848K, used 143277K [0x0000000080000000, 0x0000000100000000)
  region size 1024K, 10 young (10240K), 3 survivors (3072K)
 Metaspace       used 136436K, capacity 140581K, committed 140672K, reserved 1171456K
  class space    used 17564K, capacity 19069K, committed 19072K, reserved 1048576K
}
Event: 627.155 GC heap after
{Heap after GC invocations=55 (full 0):
 garbage-first heap   total 206848K, used 130071K [0x0000000080000000, 0x0000000100000000)
  region size 1024K, 1 young (1024K), 1 survivors (1024K)
 Metaspace       used 136436K, capacity 140581K, committed 140672K, reserved 1171456K
  class space    used 17564K, capacity 19069K, committed 19072K, reserved 1048576K
}
Event: 628.121 GC heap before
{Heap before GC invocations=55 (full 0):
 garbage-first heap   total 206848K, used 179223K [0x0000000080000000, 0x0000000100000000)
  region size 1024K, 40 young (40960K), 1 survivors (1024K)
 Metaspace       used 138636K, capacity 142809K, committed 143104K, reserved 1173504K
  class space    used 17834K, capacity 19380K, committed 19456K, reserved 1048576K
}
Event: 628.128 GC heap after
{Heap after GC invocations=56 (full 0):
 garbage-first heap   total 206848K, used 132608K [0x0000000080000000, 0x0000000100000000)
  region size 1024K, 4 young (4096K), 4 survivors (4096K)
 Metaspace       used 138636K, capacity 142809K, committed 143104K, reserved 1173504K
  class space    used 17834K, capacity 19380K, committed 19456K, reserved 1048576K
}
Event: 1896.374 GC heap before
{Heap before GC invocations=57 (full 0):
 garbage-first heap   total 206848K, used 171520K [0x0000000080000000, 0x0000000100000000)
  region size 1024K, 42 young (43008K), 4 survivors (4096K)
 Metaspace       used 138681K, capacity 142681K, committed 143360K, reserved 1173504K
  class space    used 17748K, capacity 19186K, committed 19456K, reserved 1048576K
}
Event: 1903.843 GC heap after
{Heap after GC invocations=58 (full 0):
 garbage-first heap   total 206848K, used 133978K [0x0000000080000000, 0x0000000100000000)
  region size 1024K, 4 young (4096K), 4 survivors (4096K)
 Metaspace       used 138681K, capacity 142681K, committed 143360K, reserved 1173504K
  class space    used 17748K, capacity 19186K, committed 19456K, reserved 1048576K
}
Event: 1907.205 GC heap before
{Heap before GC invocations=58 (full 0):
 garbage-first heap   total 206848K, used 139098K [0x0000000080000000, 0x0000000100000000)
  region size 1024K, 10 young (10240K), 4 survivors (4096K)
 Metaspace       used 138689K, capacity 142682K, committed 143360K, reserved 1173504K
  class space    used 17748K, capacity 19186K, committed 19456K, reserved 1048576K
}
Event: 1908.858 GC heap after
{Heap after GC invocations=59 (full 0):
 garbage-first heap   total 206848K, used 133589K [0x0000000080000000, 0x0000000100000000)
  region size 1024K, 1 young (1024K), 1 survivors (1024K)
 Metaspace       used 138689K, capacity 142682K, committed 143360K, reserved 1173504K
  class space    used 17748K, capacity 19186K, committed 19456K, reserved 1048576K
}
Event: 1932.710 GC heap before
{Heap before GC invocations=59 (full 0):
 garbage-first heap   total 206848K, used 142805K [0x0000000080000000, 0x0000000100000000)
  region size 1024K, 10 young (10240K), 1 survivors (1024K)
 Metaspace       used 138854K, capacity 142840K, committed 143616K, reserved 1173504K
  class space    used 17760K, capacity 19207K, committed 19456K, reserved 1048576K
}
Event: 1933.070 GC heap after
{Heap after GC invocations=60 (full 0):
 garbage-first heap   total 206848K, used 134642K [0x0000000080000000, 0x0000000100000000)
  region size 1024K, 2 young (2048K), 2 survivors (2048K)
 Metaspace       used 138854K, capacity 142840K, committed 143616K, reserved 1173504K
  class space    used 17760K, capacity 19207K, committed 19456K, reserved 1048576K
}
Event: 1942.044 GC heap before
{Heap before GC invocations=60 (full 0):
 garbage-first heap   total 206848K, used 142834K [0x0000000080000000, 0x0000000100000000)
  region size 1024K, 10 young (10240K), 2 survivors (2048K)
 Metaspace       used 138957K, capacity 142937K, committed 143616K, reserved 1173504K
  class space    used 17764K, capacity 19214K, committed 19456K, reserved 1048576K
}
Event: 1942.943 GC heap after
{Heap after GC invocations=61 (full 0):
 garbage-first heap   total 206848K, used 136224K [0x0000000080000000, 0x0000000100000000)
  region size 1024K, 2 young (2048K), 2 survivors (2048K)
 Metaspace       used 138957K, capacity 142937K, committed 143616K, reserved 1173504K
  class space    used 17764K, capacity 19214K, committed 19456K, reserved 1048576K
}
Event: 1945.001 GC heap before
{Heap before GC invocations=61 (full 0):
 garbage-first heap   total 206848K, used 144416K [0x0000000080000000, 0x0000000100000000)
  region size 1024K, 10 young (10240K), 2 survivors (2048K)
 Metaspace       used 138989K, capacity 142938K, committed 143616K, reserved 1173504K
  class space    used 17764K, capacity 19214K, committed 19456K, reserved 1048576K
}
Event: 1945.415 GC heap after
{Heap after GC invocations=62 (full 0):
 garbage-first heap   total 206848K, used 136524K [0x0000000080000000, 0x0000000100000000)
  region size 1024K, 1 young (1024K), 1 survivors (1024K)
 Metaspace       used 138989K, capacity 142938K, committed 143616K, reserved 1173504K
  class space    used 17764K, capacity 19214K, committed 19456K, reserved 1048576K
}

